Release 13.2 - xst O.61xd (nt64)
Copyright (c) 1995-2011 Xilinx, Inc.  All rights reserved.
--> Parameter TMPDIR set to xst/projnav.tmp


Total REAL time to Xst completion: 0.00 secs
Total CPU time to Xst completion: 0.09 secs
 
--> Parameter xsthdpdir set to xst


Total REAL time to Xst completion: 0.00 secs
Total CPU time to Xst completion: 0.09 secs
 
--> Reading design: top.prj

TABLE OF CONTENTS
  1) Synthesis Options Summary
  2) HDL Compilation
  3) Design Hierarchy Analysis
  4) HDL Analysis
  5) HDL Synthesis
     5.1) HDL Synthesis Report
  6) Advanced HDL Synthesis
     6.1) Advanced HDL Synthesis Report
  7) Low Level Synthesis
  8) Partition Report
  9) Final Report
	9.1) Device utilization summary
	9.2) Partition Resource Summary
	9.3) TIMING REPORT


=========================================================================
*                      Synthesis Options Summary                        *
=========================================================================
---- Source Parameters
Input File Name                    : "top.prj"
Input Format                       : mixed
Ignore Synthesis Constraint File   : NO

---- Target Parameters
Output File Name                   : "top"
Output Format                      : NGC
Target Device                      : xc3s100e-5-cp132

---- Source Options
Top Module Name                    : top
Automatic FSM Extraction           : YES
FSM Encoding Algorithm             : Auto
Safe Implementation                : No
FSM Style                          : LUT
RAM Extraction                     : Yes
RAM Style                          : Auto
ROM Extraction                     : Yes
Mux Style                          : Auto
Decoder Extraction                 : YES
Priority Encoder Extraction        : Yes
Shift Register Extraction          : YES
Logical Shifter Extraction         : YES
XOR Collapsing                     : YES
ROM Style                          : Auto
Mux Extraction                     : Yes
Resource Sharing                   : YES
Asynchronous To Synchronous        : NO
Multiplier Style                   : Auto
Automatic Register Balancing       : No

---- Target Options
Add IO Buffers                     : YES
Global Maximum Fanout              : 500
Add Generic Clock Buffer(BUFG)     : 24
Register Duplication               : YES
Slice Packing                      : YES
Optimize Instantiated Primitives   : NO
Use Clock Enable                   : Yes
Use Synchronous Set                : Yes
Use Synchronous Reset              : Yes
Pack IO Registers into IOBs        : Auto
Equivalent register Removal        : YES

---- General Options
Optimization Goal                  : Speed
Optimization Effort                : 1
Keep Hierarchy                     : No
Netlist Hierarchy                  : As_Optimized
RTL Output                         : Yes
Global Optimization                : AllClockNets
Read Cores                         : YES
Write Timing Constraints           : NO
Cross Clock Analysis               : NO
Hierarchy Separator                : /
Bus Delimiter                      : <>
Case Specifier                     : Maintain
Slice Utilization Ratio            : 100
BRAM Utilization Ratio             : 100
Verilog 2001                       : YES
Auto BRAM Packing                  : NO
Slice Utilization Ratio Delta      : 5

=========================================================================


=========================================================================
*                          HDL Compilation                              *
=========================================================================
Compiling vhdl file "C:/Users/oliverb/Desktop/VHDL/Counter/divider.vhd" in Library work.
Entity <divider> compiled.
Entity <divider> (Architecture <behavioral>) compiled.
Compiling vhdl file "C:/Users/oliverb/Desktop/VHDL/Counter/counter.vhd" in Library work.
Architecture behavioral of Entity counter is up to date.
Compiling vhdl file "C:/Users/oliverb/Desktop/VHDL/Counter/top.vhd" in Library work.
Architecture behavioral of Entity top is up to date.

=========================================================================
*                     Design Hierarchy Analysis                         *
=========================================================================
Analyzing hierarchy for entity <top> in library <work> (architecture <behavioral>).

Analyzing hierarchy for entity <divider> in library <work> (architecture <behavioral>).

Analyzing hierarchy for entity <counter> in library <work> (architecture <behavioral>).


=========================================================================
*                            HDL Analysis                               *
=========================================================================
Analyzing Entity <top> in library <work> (Architecture <behavioral>).
Entity <top> analyzed. Unit <top> generated.

Analyzing Entity <divider> in library <work> (Architecture <behavioral>).
Entity <divider> analyzed. Unit <divider> generated.

Analyzing Entity <counter> in library <work> (Architecture <behavioral>).
Entity <counter> analyzed. Unit <counter> generated.


=========================================================================
*                           HDL Synthesis                               *
=========================================================================

Performing bidirectional port resolution...

Synthesizing Unit <divider>.
    Related source file is "C:/Users/oliverb/Desktop/VHDL/Counter/divider.vhd".
WARNING:Xst:653 - Signal <div> is used but never assigned. This sourceless signal will be automatically connected to value 10111110101111000010000000.
    Found 1-bit register for signal <count>.
    Found 26-bit comparator greater for signal <count$cmp_gt0000> created at line 21.
    Found 26-bit up counter for signal <div_counter>.
    Found 1-bit register for signal <pulse>.
    Summary:
	inferred   1 Counter(s).
	inferred   2 D-type flip-flop(s).
	inferred   1 Comparator(s).
Unit <divider> synthesized.


Synthesizing Unit <counter>.
    Related source file is "C:/Users/oliverb/Desktop/VHDL/Counter/counter.vhd".
    Found 5-bit up counter for signal <temp>.
    Summary:
	inferred   1 Counter(s).
Unit <counter> synthesized.


Synthesizing Unit <top>.
    Related source file is "C:/Users/oliverb/Desktop/VHDL/Counter/top.vhd".
Unit <top> synthesized.


=========================================================================
HDL Synthesis Report

Macro Statistics
# Counters                                             : 2
 26-bit up counter                                     : 1
 5-bit up counter                                      : 1
# Registers                                            : 2
 1-bit register                                        : 2
# Comparators                                          : 1
 26-bit comparator greater                             : 1

=========================================================================

=========================================================================
*                       Advanced HDL Synthesis                          *
=========================================================================


=========================================================================
Advanced HDL Synthesis Report

Macro Statistics
# Counters                                             : 2
 26-bit up counter                                     : 1
 5-bit up counter                                      : 1
# Registers                                            : 2
 Flip-Flops                                            : 2
# Comparators                                          : 1
 26-bit comparator greater                             : 1

=========================================================================

=========================================================================
*                         Low Level Synthesis                           *
=========================================================================

Optimizing unit <top> ...

Mapping all equations...
Building and optimizing final netlist ...
Found area constraint ratio of 100 (+ 5) on block top, actual ratio is 2.

Final Macro Processing ...

=========================================================================
Final Register Report

Macro Statistics
# Registers                                            : 33
 Flip-Flops                                            : 33

=========================================================================

=========================================================================
*                           Partition Report                            *
=========================================================================

Partition Implementation Status
-------------------------------

  No Partitions were found in this design.

-------------------------------

=========================================================================
*                            Final Report                               *
=========================================================================
Final Results
RTL Top Level Output File Name     : top.ngr
Top Level Output File Name         : top
Output Format                      : NGC
Optimization Goal                  : Speed
Keep Hierarchy                     : No

Design Statistics
# IOs                              : 7

Cell Usage :
# BELS                             : 112
#      GND                         : 1
#      INV                         : 8
#      LUT1                        : 29
#      LUT2                        : 1
#      LUT3                        : 4
#      LUT4                        : 5
#      MUXCY                       : 37
#      VCC                         : 1
#      XORCY                       : 26
# FlipFlops/Latches                : 33
#      FDC                         : 5
#      FDE                         : 2
#      FDR                         : 26
# Clock Buffers                    : 1
#      BUFGP                       : 1
# IO Buffers                       : 6
#      IBUF                        : 1
#      OBUF                        : 5
=========================================================================

Device utilization summary:
---------------------------

Selected Device : 3s100ecp132-5 

 Number of Slices:                       23  out of    960     2%  
 Number of Slice Flip Flops:             33  out of   1920     1%  
 Number of 4 input LUTs:                 47  out of   1920     2%  
 Number of IOs:                           7
 Number of bonded IOBs:                   7  out of     83     8%  
 Number of GCLKs:                         1  out of     24     4%  

---------------------------
Partition Resource Summary:
---------------------------

  No Partitions were found in this design.

---------------------------


=========================================================================
TIMING REPORT

NOTE: THESE TIMING NUMBERS ARE ONLY A SYNTHESIS ESTIMATE.
      FOR ACCURATE TIMING INFORMATION PLEASE REFER TO THE TRACE REPORT
      GENERATED AFTER PLACE-and-ROUTE.

Clock Information:
------------------
-----------------------------------+------------------------+-------+
Clock Signal                       | Clock buffer(FF name)  | Load  |
-----------------------------------+------------------------+-------+
MCLK                               | BUFGP                  | 28    |
my_div/count                       | NONE(my_counter/temp_4)| 5     |
-----------------------------------+------------------------+-------+
INFO:Xst:2169 - HDL ADVISOR - Some clock signals were not automatically buffered by XST with BUFG/BUFR resources. Please use the buffer_type constraint in order to insert these buffers to the clock signals to help prevent skew problems.

Asynchronous Control Signals Information:
----------------------------------------
-----------------------------------+------------------------+-------+
Control Signal                     | Buffer(FF name)        | Load  |
-----------------------------------+------------------------+-------+
BTN<0>                             | IBUF                   | 5     |
-----------------------------------+------------------------+-------+

Timing Summary:
---------------
Speed Grade: -5

   Minimum period: 5.835ns (Maximum Frequency: 171.389MHz)
   Minimum input arrival time before clock: No path found
   Maximum output required time after clock: 4.252ns
   Maximum combinational path delay: No path found

Timing Detail:
--------------
All values displayed in nanoseconds (ns)

=========================================================================
Timing constraint: Default period analysis for Clock 'MCLK'
  Clock period: 5.835ns (frequency: 171.389MHz)
  Total number of paths / destination ports: 1081 / 56
-------------------------------------------------------------------------
Delay:               5.835ns (Levels of Logic = 14)
  Source:            my_div/div_counter_0 (FF)
  Destination:       my_div/div_counter_0 (FF)
  Source Clock:      MCLK rising
  Destination Clock: MCLK rising

  Data Path: my_div/div_counter_0 to my_div/div_counter_0
                                Gate     Net
    Cell:in->out      fanout   Delay   Delay  Logical Name (Net Name)
    ----------------------------------------  ------------
     FDR:C->Q              2   0.514   0.532  my_div/div_counter_0 (my_div/div_counter_0)
     LUT4:I0->O            1   0.612   0.000  my_div/Mcompar_count_cmp_gt0000_lut<0> (my_div/Mcompar_count_cmp_gt0000_lut<0>)
     MUXCY:S->O            1   0.404   0.000  my_div/Mcompar_count_cmp_gt0000_cy<0> (my_div/Mcompar_count_cmp_gt0000_cy<0>)
     MUXCY:CI->O           1   0.052   0.000  my_div/Mcompar_count_cmp_gt0000_cy<1> (my_div/Mcompar_count_cmp_gt0000_cy<1>)
     MUXCY:CI->O           1   0.052   0.000  my_div/Mcompar_count_cmp_gt0000_cy<2> (my_div/Mcompar_count_cmp_gt0000_cy<2>)
     MUXCY:CI->O           1   0.052   0.000  my_div/Mcompar_count_cmp_gt0000_cy<3> (my_div/Mcompar_count_cmp_gt0000_cy<3>)
     MUXCY:CI->O           1   0.052   0.000  my_div/Mcompar_count_cmp_gt0000_cy<4> (my_div/Mcompar_count_cmp_gt0000_cy<4>)
     MUXCY:CI->O           1   0.052   0.000  my_div/Mcompar_count_cmp_gt0000_cy<5> (my_div/Mcompar_count_cmp_gt0000_cy<5>)
     MUXCY:CI->O           1   0.052   0.000  my_div/Mcompar_count_cmp_gt0000_cy<6> (my_div/Mcompar_count_cmp_gt0000_cy<6>)
     MUXCY:CI->O           1   0.052   0.000  my_div/Mcompar_count_cmp_gt0000_cy<7> (my_div/Mcompar_count_cmp_gt0000_cy<7>)
     MUXCY:CI->O           1   0.052   0.000  my_div/Mcompar_count_cmp_gt0000_cy<8> (my_div/Mcompar_count_cmp_gt0000_cy<8>)
     MUXCY:CI->O           1   0.052   0.000  my_div/Mcompar_count_cmp_gt0000_cy<9> (my_div/Mcompar_count_cmp_gt0000_cy<9>)
     MUXCY:CI->O           1   0.052   0.000  my_div/Mcompar_count_cmp_gt0000_cy<10> (my_div/Mcompar_count_cmp_gt0000_cy<10>)
     MUXCY:CI->O           2   0.399   0.380  my_div/Mcompar_count_cmp_gt0000_cy<11> (my_div/Mcompar_count_cmp_gt0000_cy<11>)
     INV:I->O             26   0.612   1.071  my_div/Mcompar_count_cmp_gt0000_cy<11>_inv_1_INV_0 (my_div/Mcompar_count_cmp_gt0000_cy<11>_inv)
     FDR:R                     0.795          my_div/div_counter_0
    ----------------------------------------
    Total                      5.835ns (3.852ns logic, 1.983ns route)
                                       (66.0% logic, 34.0% route)

=========================================================================
Timing constraint: Default period analysis for Clock 'my_div/count'
  Clock period: 3.114ns (frequency: 321.166MHz)
  Total number of paths / destination ports: 15 / 5
-------------------------------------------------------------------------
Delay:               3.114ns (Levels of Logic = 2)
  Source:            my_counter/temp_4 (FF)
  Destination:       my_counter/temp_0 (FF)
  Source Clock:      my_div/count rising
  Destination Clock: my_div/count rising

  Data Path: my_counter/temp_4 to my_counter/temp_0
                                Gate     Net
    Cell:in->out      fanout   Delay   Delay  Logical Name (Net Name)
    ----------------------------------------  ------------
     FDC:C->Q              6   0.514   0.721  my_counter/temp_4 (my_counter/temp_4)
     LUT3:I0->O            1   0.612   0.387  my_counter/Mcount_temp_xor<3>111 (N11)
     LUT3:I2->O            1   0.612   0.000  my_counter/Mcount_temp_xor<4>11 (my_counter/Mcount_temp4)
     FDC:D                     0.268          my_counter/temp_0
    ----------------------------------------
    Total                      3.114ns (2.006ns logic, 1.108ns route)
                                       (64.4% logic, 35.6% route)

=========================================================================
Timing constraint: Default OFFSET OUT AFTER for Clock 'my_div/count'
  Total number of paths / destination ports: 5 / 5
-------------------------------------------------------------------------
Offset:              4.252ns (Levels of Logic = 1)
  Source:            my_counter/temp_4 (FF)
  Destination:       LED<0> (PAD)
  Source Clock:      my_div/count rising

  Data Path: my_counter/temp_4 to LED<0>
                                Gate     Net
    Cell:in->out      fanout   Delay   Delay  Logical Name (Net Name)
    ----------------------------------------  ------------
     FDC:C->Q              6   0.514   0.569  my_counter/temp_4 (my_counter/temp_4)
     OBUF:I->O                 3.169          LED_0_OBUF (LED<0>)
    ----------------------------------------
    Total                      4.252ns (3.683ns logic, 0.569ns route)
                                       (86.6% logic, 13.4% route)

=========================================================================


Total REAL time to Xst completion: 5.00 secs
Total CPU time to Xst completion: 4.82 secs
 
--> 

Total memory usage is 240724 kilobytes

Number of errors   :    0 (   0 filtered)
Number of warnings :    1 (   0 filtered)
Number of infos    :    1 (   0 filtered)

